
2025-12-02 12:00:53 | INFO  | com.spring.restfulapi.RestfulapiApplication | Starting RestfulapiApplication using Java 21.0.8 with PID 2225474 (/home/labuser/IdeaProjects/REST-API--SpringBoot--Basic/target/classes started by labuser in /home/labuser/IdeaProjects/REST-API--SpringBoot--Basic)
2025-12-02 12:00:53 | INFO  | com.spring.restfulapi.RestfulapiApplication | No active profile set, falling back to 1 default profile: "default"
2025-12-02 12:00:53 | INFO  | org.springframework.boot.devtools.env.DevToolsPropertyDefaultsPostProcessor | Devtools property defaults active! Set 'spring.devtools.add-properties' to 'false' to disable
2025-12-02 12:00:53 | INFO  | org.springframework.boot.devtools.env.DevToolsPropertyDefaultsPostProcessor | For additional web related logging consider setting the 'logging.level.web' property to 'DEBUG'
2025-12-02 12:00:56 | INFO  | org.springframework.data.repository.config.RepositoryConfigurationDelegate | Bootstrapping Spring Data JPA repositories in DEFAULT mode.
2025-12-02 12:00:56 | INFO  | org.springframework.data.repository.config.RepositoryConfigurationDelegate | Finished Spring Data repository scanning in 125 ms. Found 1 JPA repository interface.
2025-12-02 12:00:58 | INFO  | org.springframework.boot.tomcat.TomcatWebServer | Tomcat initialized with port 9999 (http)
2025-12-02 12:00:58 | INFO  | org.apache.catalina.core.StandardService | Starting service [Tomcat]
2025-12-02 12:00:58 | INFO  | org.apache.catalina.core.StandardEngine | Starting Servlet engine: [Apache Tomcat/11.0.14]
2025-12-02 12:00:58 | INFO  | org.springframework.boot.web.context.servlet.WebApplicationContextInitializer | Root WebApplicationContext: initialization completed in 4680 ms
2025-12-02 12:00:59 | INFO  | org.hibernate.jpa.internal.util.LogHelper | HHH000204: Processing PersistenceUnitInfo [name: default]
2025-12-02 12:00:59 | INFO  | org.hibernate.Version | HHH000412: Hibernate ORM core version 7.1.8.Final
2025-12-02 12:01:00 | INFO  | org.springframework.orm.jpa.persistenceunit.SpringPersistenceUnitInfo | No LoadTimeWeaver setup: ignoring JPA class transformer
2025-12-02 12:01:01 | INFO  | com.zaxxer.hikari.HikariDataSource | HikariPool-1 - Starting...
2025-12-02 12:01:01 | INFO  | com.zaxxer.hikari.pool.HikariPool | HikariPool-1 - Added connection com.mysql.cj.jdbc.ConnectionImpl@5f8f6436
2025-12-02 12:01:01 | INFO  | com.zaxxer.hikari.HikariDataSource | HikariPool-1 - Start completed.
2025-12-02 12:01:02 | INFO  | org.hibernate.orm.connections.pooling | HHH10001005: Database info:
	Database JDBC URL [jdbc:mysql://localhost:3306/Training]
	Database driver: MySQL Connector/J
	Database dialect: MySQLDialect
	Database version: 8.0.40
	Default catalog/schema: Training/undefined
	Autocommit mode: undefined/unknown
	Isolation level: REPEATABLE_READ [default REPEATABLE_READ]
	JDBC fetch size: none
	Pool: DatasourceConnectionProviderImpl
	Minimum pool size: undefined/unknown
	Maximum pool size: undefined/unknown
2025-12-02 12:01:03 | INFO  | org.hibernate.engine.transaction.jta.platform.internal.JtaPlatformInitiator | HHH000489: No JTA platform available (set 'hibernate.transaction.jta.platform' to enable JTA platform integration)
2025-12-02 12:01:04 | INFO  | org.springframework.orm.jpa.LocalContainerEntityManagerFactoryBean | Initialized JPA EntityManagerFactory for persistence unit 'default'
2025-12-02 12:01:04 | INFO  | org.springframework.data.jpa.repository.query.QueryEnhancerFactories | Hibernate is in classpath; If applicable, HQL parser will be used.
2025-12-02 12:01:05 | WARN  | org.springframework.boot.jpa.autoconfigure.JpaBaseConfiguration$JpaWebConfiguration | spring.jpa.open-in-view is enabled by default. Therefore, database queries may be performed during view rendering. Explicitly configure spring.jpa.open-in-view to disable this warning
2025-12-02 12:01:06 | INFO  | org.springframework.boot.tomcat.TomcatWebServer | Tomcat started on port 9999 (http) with context path '/'
2025-12-02 12:01:06 | INFO  | com.spring.restfulapi.RestfulapiApplication | Started RestfulapiApplication in 14.132 seconds (process running for 15.78)
2025-12-02 12:03:11 | INFO  | org.apache.catalina.core.ContainerBase.[Tomcat].[localhost].[/] | Initializing Spring DispatcherServlet 'dispatcherServlet'
2025-12-02 12:03:11 | INFO  | org.springframework.web.servlet.DispatcherServlet | Initializing Servlet 'dispatcherServlet'
2025-12-02 12:03:11 | INFO  | org.springframework.web.servlet.DispatcherServlet | Completed initialization in 2 ms
2025-12-02 12:03:11 | INFO  | com.spring.restfulapi.AOP.ResourceInterceptAspect | Before method invoked :: ResponseEntity com.spring.restfulapi.controller.LoanController.getLoan(Long)
2025-12-02 12:03:11 | INFO  | com.spring.restfulapi.AOP.ResourceInterceptAspect | After method invoked :: ResponseEntity com.spring.restfulapi.controller.LoanController.getLoan(Long)
2025-12-02 12:03:11 | ERROR | org.apache.catalina.core.ContainerBase.[Tomcat].[localhost].[/].[dispatcherServlet] | Servlet.service() for servlet [dispatcherServlet] in context with path [] threw exception [Request processing failed: java.util.NoSuchElementException: No value present] with root causejava.util.NoSuchElementException: No value present
	at java.base/java.util.Optional.get(Optional.java:143)
	at com.spring.restfulapi.service.LoanService.getLoan(LoanService.java:26)
	at com.spring.restfulapi.controller.LoanController.getLoan(LoanController.java:57)
	at java.base/jdk.internal.reflect.DirectMethodHandleAccessor.invoke(DirectMethodHandleAccessor.java:103)
	at java.base/java.lang.reflect.Method.invoke(Method.java:580)
	at org.springframework.aop.support.AopUtils.invokeJoinpointUsingReflection(AopUtils.java:359)
	at org.springframework.aop.framework.ReflectiveMethodInvocation.invokeJoinpoint(ReflectiveMethodInvocation.java:190)
	at org.springframework.aop.framework.ReflectiveMethodInvocation.proceed(ReflectiveMethodInvocation.java:158)
	at org.springframework.aop.aspectj.AspectJAfterAdvice.invoke(AspectJAfterAdvice.java:48)
	at org.springframework.aop.framework.ReflectiveMethodInvocation.proceed(ReflectiveMethodInvocation.java:179)
	at org.springframework.aop.framework.adapter.MethodBeforeAdviceInterceptor.invoke(MethodBeforeAdviceInterceptor.java:57)
	at org.springframework.aop.framework.ReflectiveMethodInvocation.proceed(ReflectiveMethodInvocation.java:179)
	at org.springframework.aop.interceptor.ExposeInvocationInterceptor.invoke(ExposeInvocationInterceptor.java:96)
	at org.springframework.aop.framework.ReflectiveMethodInvocation.proceed(ReflectiveMethodInvocation.java:179)
	at org.springframework.aop.framework.CglibAopProxy$DynamicAdvisedInterceptor.intercept(CglibAopProxy.java:719)
	at com.spring.restfulapi.controller.LoanController$$SpringCGLIB$$0.getLoan(<generated>)
	at java.base/jdk.internal.reflect.DirectMethodHandleAccessor.invoke(DirectMethodHandleAccessor.java:103)
	at java.base/java.lang.reflect.Method.invoke(Method.java:580)
	at org.springframework.web.method.support.InvocableHandlerMethod.doInvoke(InvocableHandlerMethod.java:258)
	at org.springframework.web.method.support.InvocableHandlerMethod.invokeForRequest(InvocableHandlerMethod.java:190)
	at org.springframework.web.servlet.mvc.method.annotation.ServletInvocableHandlerMethod.invokeAndHandle(ServletInvocableHandlerMethod.java:117)
	at org.springframework.web.servlet.mvc.method.annotation.RequestMappingHandlerAdapter.invokeHandlerMethod(RequestMappingHandlerAdapter.java:934)
	at org.springframework.web.servlet.mvc.method.annotation.RequestMappingHandlerAdapter.handleInternal(RequestMappingHandlerAdapter.java:853)
	at org.springframework.web.servlet.mvc.method.AbstractHandlerMethodAdapter.handle(AbstractHandlerMethodAdapter.java:86)
	at org.springframework.web.servlet.DispatcherServlet.doDispatch(DispatcherServlet.java:963)
	at org.springframework.web.servlet.DispatcherServlet.doService(DispatcherServlet.java:866)
	at org.springframework.web.servlet.FrameworkServlet.processRequest(FrameworkServlet.java:1003)
	at org.springframework.web.servlet.FrameworkServlet.doGet(FrameworkServlet.java:892)
	at jakarta.servlet.http.HttpServlet.service(HttpServlet.java:622)
	at org.springframework.web.servlet.FrameworkServlet.service(FrameworkServlet.java:874)
	at jakarta.servlet.http.HttpServlet.service(HttpServlet.java:710)
	at org.apache.catalina.core.ApplicationFilterChain.doFilter(ApplicationFilterChain.java:128)
	at org.apache.tomcat.websocket.server.WsFilter.doFilter(WsFilter.java:53)
	at org.apache.catalina.core.ApplicationFilterChain.doFilter(ApplicationFilterChain.java:107)
	at org.springframework.web.filter.RequestContextFilter.doFilterInternal(RequestContextFilter.java:100)
	at org.springframework.web.filter.OncePerRequestFilter.doFilter(OncePerRequestFilter.java:116)
	at org.apache.catalina.core.ApplicationFilterChain.doFilter(ApplicationFilterChain.java:107)
	at org.springframework.web.filter.FormContentFilter.doFilterInternal(FormContentFilter.java:93)
	at org.springframework.web.filter.OncePerRequestFilter.doFilter(OncePerRequestFilter.java:116)
	at org.apache.catalina.core.ApplicationFilterChain.doFilter(ApplicationFilterChain.java:107)
	at org.springframework.web.filter.CharacterEncodingFilter.doFilterInternal(CharacterEncodingFilter.java:199)
	at org.springframework.web.filter.OncePerRequestFilter.doFilter(OncePerRequestFilter.java:116)
	at org.apache.catalina.core.ApplicationFilterChain.doFilter(ApplicationFilterChain.java:107)
	at org.apache.catalina.core.StandardWrapperValve.invoke(StandardWrapperValve.java:165)
	at org.apache.catalina.core.StandardContextValve.invoke(StandardContextValve.java:77)
	at org.apache.catalina.authenticator.AuthenticatorBase.invoke(AuthenticatorBase.java:482)
	at org.apache.catalina.core.StandardHostValve.invoke(StandardHostValve.java:113)
	at org.apache.catalina.valves.ErrorReportValve.invoke(ErrorReportValve.java:83)
	at org.apache.catalina.core.StandardEngineValve.invoke(StandardEngineValve.java:72)
	at org.apache.catalina.connector.CoyoteAdapter.service(CoyoteAdapter.java:341)
	at org.apache.coyote.http11.Http11Processor.service(Http11Processor.java:397)
	at org.apache.coyote.AbstractProcessorLight.process(AbstractProcessorLight.java:63)
	at org.apache.coyote.AbstractProtocol$ConnectionHandler.process(AbstractProtocol.java:903)
	at org.apache.tomcat.util.net.NioEndpoint$SocketProcessor.doRun(NioEndpoint.java:1778)
	at org.apache.tomcat.util.net.SocketProcessorBase.run(SocketProcessorBase.java:52)
	at org.apache.tomcat.util.threads.ThreadPoolExecutor.runWorker(ThreadPoolExecutor.java:946)
	at org.apache.tomcat.util.threads.ThreadPoolExecutor$Worker.run(ThreadPoolExecutor.java:480)
	at org.apache.tomcat.util.threads.TaskThread$WrappingRunnable.run(TaskThread.java:57)
	at java.base/java.lang.Thread.run(Thread.java:1583)

2025-12-02 12:03:23 | INFO  | com.spring.restfulapi.AOP.ResourceInterceptAspect | Before method invoked :: ResponseEntity com.spring.restfulapi.controller.LoanController.loanApplication(Loan)
2025-12-02 12:03:23 | INFO  | com.spring.restfulapi.AOP.ResourceInterceptAspect | After method invoked :: ResponseEntity com.spring.restfulapi.controller.LoanController.loanApplication(Loan)
2025-12-02 12:03:32 | INFO  | com.spring.restfulapi.AOP.ResourceInterceptAspect | Before method invoked :: ResponseEntity com.spring.restfulapi.controller.LoanController.loanApplication(Loan)
2025-12-02 12:03:32 | INFO  | com.spring.restfulapi.AOP.ResourceInterceptAspect | After method invoked :: ResponseEntity com.spring.restfulapi.controller.LoanController.loanApplication(Loan)
2025-12-02 12:03:35 | INFO  | com.spring.restfulapi.AOP.ResourceInterceptAspect | Before method invoked :: ResponseEntity com.spring.restfulapi.controller.LoanController.getLoan(Long)
2025-12-02 12:03:35 | INFO  | com.spring.restfulapi.AOP.ResourceInterceptAspect | After method invoked :: ResponseEntity com.spring.restfulapi.controller.LoanController.getLoan(Long)
2025-12-02 12:12:56 | INFO  | org.springframework.boot.tomcat.GracefulShutdown | Commencing graceful shutdown. Waiting for active requests to complete
2025-12-02 12:12:56 | INFO  | org.springframework.boot.tomcat.GracefulShutdown | Graceful shutdown complete
2025-12-02 12:12:56 | INFO  | org.springframework.orm.jpa.LocalContainerEntityManagerFactoryBean | Closing JPA EntityManagerFactory for persistence unit 'default'
2025-12-02 12:12:56 | INFO  | com.zaxxer.hikari.HikariDataSource | HikariPool-1 - Shutdown initiated...
2025-12-02 12:12:56 | INFO  | com.zaxxer.hikari.HikariDataSource | HikariPool-1 - Shutdown completed.